<?xml version="1.0" encoding="UTF-8"?>
<!-- Generated by org.testng.reporters.JUnitReportReporter -->
<testsuite hostname="Mosab" failures="0" tests="10" name="MyTestCases" time="65.525" errors="0" timestamp="2024-11-08T23:57:45 EET" skipped="0">
  <testcase classname="MyTestCases" name="checkDefaultLanguage" time="3.368"/>
  <system-out/>
  <testcase classname="MyTestCases" name="checkDefaultCurrency" time="3.369"/>
  <system-out/>
  <testcase classname="MyTestCases" name="CheckContactNumber" time="3.491"/>
  <system-out/>
  <testcase classname="MyTestCases" name="checkQitafLogo" time="3.364"/>
  <system-out/>
  <testcase classname="MyTestCases" name="checkHotelTabIsNotSelected" time="3.372"/>
  <system-out/>
  <testcase classname="MyTestCases" name="checkDepatureDate" time="3.336"/>
  <system-out/>
  <testcase classname="MyTestCases" name="checkReturnDate" time="3.321"/>
  <system-out/>
  <testcase classname="MyTestCases" name="randomlyChangeTheLanguage" time="30.375"/>
  <system-out/>
  <testcase classname="MyTestCases" name="checkThatThePageIsFullyLoaded" time="3.653"/>
  <system-out/>
  <testcase classname="MyTestCases" name="CheckTheSortOption" time="7.876"/>
  <system-out/>
</testsuite> <!-- MyTestCases -->
