<?xml version="1.0" encoding="UTF-8"?>
<!-- Generated by org.testng.reporters.JUnitReportReporter -->
<testsuite hostname="Mosab" failures="0" tests="8" name="MyTestCases" time="0.589" errors="0" timestamp="2024-10-26T00:29:20 EET" skipped="0">
  <testcase classname="MyTestCases" name="checkDefaultLanguage" time="0.047"/>
  <system-out/>
  <testcase classname="MyTestCases" name="checkDefaultCurrency" time="0.024"/>
  <system-out/>
  <testcase classname="MyTestCases" name="CheckContactNumber" time="0.019"/>
  <system-out/>
  <testcase classname="MyTestCases" name="checkQitafLogo" time="0.033"/>
  <system-out/>
  <testcase classname="MyTestCases" name="checkHotelTabIsNotSelected" time="0.016"/>
  <system-out/>
  <testcase classname="MyTestCases" name="checkDepatureDate" time="0.015"/>
  <system-out/>
  <testcase classname="MyTestCases" name="checkReturnDate" time="0.014"/>
  <system-out/>
  <testcase classname="MyTestCases" name="randomlyChangeTheLanguage" time="0.421"/>
  <system-out/>
</testsuite> <!-- MyTestCases -->
