<?xml version="1.0" encoding="UTF-8"?>
<!-- Generated by org.testng.reporters.JUnitReportReporter -->
<testsuite hostname="Mosab" failures="0" tests="4" name="MyTestCases" time="0.127" errors="0" timestamp="2024-10-24T19:08:45 EET" skipped="0">
  <testcase classname="MyTestCases" name="checkDefaultLanguage" time="0.053"/>
  <system-out/>
  <testcase classname="MyTestCases" name="checkDefaultCurrency" time="0.029"/>
  <system-out/>
  <testcase classname="MyTestCases" name="CheckContactNumber" time="0.023"/>
  <system-out/>
  <testcase classname="MyTestCases" name="checkQitafLogo" time="0.022"/>
  <system-out/>
</testsuite> <!-- MyTestCases -->
