<?xml version="1.0" encoding="UTF-8"?>
<!-- Generated by org.testng.reporters.JUnitReportReporter -->
<testsuite hostname="Mosab" failures="0" tests="10" name="MyTestCases" time="39.467" errors="0" timestamp="2024-10-27T23:51:24 EET" skipped="0">
  <testcase classname="MyTestCases" name="checkDefaultLanguage" time="0.036"/>
  <system-out/>
  <testcase classname="MyTestCases" name="checkDefaultCurrency" time="0.020"/>
  <system-out/>
  <testcase classname="MyTestCases" name="CheckContactNumber" time="0.021"/>
  <system-out/>
  <testcase classname="MyTestCases" name="checkQitafLogo" time="0.049"/>
  <system-out/>
  <testcase classname="MyTestCases" name="checkHotelTabIsNotSelected" time="0.025"/>
  <system-out/>
  <testcase classname="MyTestCases" name="checkDepatureDate" time="0.020"/>
  <system-out/>
  <testcase classname="MyTestCases" name="checkReturnDate" time="0.018"/>
  <system-out/>
  <testcase classname="MyTestCases" name="randomlyChangeTheLanguage" time="35.930"/>
  <system-out/>
  <testcase classname="MyTestCases" name="checkThatThePageIsFullyLoaded" time="0.031"/>
  <system-out/>
  <testcase classname="MyTestCases" name="CheckTheSortOption" time="3.317"/>
  <system-out/>
</testsuite> <!-- MyTestCases -->
